2208a_v6/2208aSdk/2208atest/blesdk_2208/build/intermediates/manifest_merge_blame_file/release/manifest-merger-blame-release-report.txt
1<?xml version="1.0" encoding="utf-8"?>
2<manifest xmlns:android="http://schemas.android.com/apk/res/android"
3    package="com.jstyle.blesdk2208a"
4    android:versionCode="6"
5    android:versionName="6.0" >
6
7    <uses-sdk
8        android:minSdkVersion="18"
8-->src\main\AndroidManifest.xml
9        android:targetSdkVersion="34" />
9-->src\main\AndroidManifest.xml
10
11</manifest>